Wed Oct 11 2017 17:36:30 GMT-0500 (Central Daylight Time): GET /
Wed Oct 11 2017 17:40:50 GMT-0500 (Central Daylight Time): GET /
Wed Oct 11 2017 17:41:16 GMT-0500 (Central Daylight Time): GET /
Wed Oct 11 2017 17:43:05 GMT-0500 (Central Daylight Time): GET /help.html
Wed Oct 11 2017 17:43:11 GMT-0500 (Central Daylight Time): GET /
Wed Oct 11 2017 17:43:26 GMT-0500 (Central Daylight Time): GET /
Wed Oct 11 2017 17:43:27 GMT-0500 (Central Daylight Time): GET /about
Wed Oct 11 2017 17:43:28 GMT-0500 (Central Daylight Time): GET /
Wed Oct 11 2017 18:20:37 GMT-0500 (Central Daylight Time): GET /
Wed Oct 11 2017 18:20:38 GMT-0500 (Central Daylight Time): GET /
Wed Oct 11 2017 18:20:39 GMT-0500 (Central Daylight Time): GET /about
Wed Oct 11 2017 18:20:40 GMT-0500 (Central Daylight Time): GET /
Wed Oct 11 2017 18:31:41 GMT-0500 (Central Daylight Time): GET /
Wed Oct 11 2017 18:31:41 GMT-0500 (Central Daylight Time): GET /favicon.ico
Wed Oct 11 2017 18:37:17 GMT-0500 (Central Daylight Time): GET /
Wed Oct 11 2017 18:37:19 GMT-0500 (Central Daylight Time): GET /about
Wed Oct 11 2017 18:37:20 GMT-0500 (Central Daylight Time): GET /
Wed Oct 11 2017 18:42:24 GMT-0500 (Central Daylight Time): GET /
Wed Oct 11 2017 18:47:56 GMT-0500 (Central Daylight Time): GET /
Wed Oct 11 2017 18:47:58 GMT-0500 (Central Daylight Time): GET /projects
Wed Oct 11 2017 18:48:02 GMT-0500 (Central Daylight Time): GET /about
Wed Oct 11 2017 18:48:02 GMT-0500 (Central Daylight Time): GET /
Wed Oct 11 2017 18:48:17 GMT-0500 (Central Daylight Time): GET /
Wed Oct 11 2017 18:48:19 GMT-0500 (Central Daylight Time): GET /about
Wed Oct 11 2017 18:48:19 GMT-0500 (Central Daylight Time): GET /projects
Wed Oct 11 2017 18:48:20 GMT-0500 (Central Daylight Time): GET /about
Wed Oct 11 2017 18:48:20 GMT-0500 (Central Daylight Time): GET /
Wed Oct 11 2017 18:48:21 GMT-0500 (Central Daylight Time): GET /projects
Wed Oct 11 2017 18:48:21 GMT-0500 (Central Daylight Time): GET /about
Wed Oct 11 2017 18:48:21 GMT-0500 (Central Daylight Time): GET /
